Error in Get portal by slug: An error occurred while retrieving portal by slug: 404: Portal not found.

Error in Get portal by slug: An error occurred while retrieving portal by slug: 404: Portal not found.

Error in Get portal by slug: An error occurred while retrieving portal by slug: 404: Portal not found.

Error in Get portal by slug: An error occurred while retrieving portal by slug: 404: Portal not found.

Error in Get portal by slug: An error occurred while retrieving portal by slug: 404: Portal not found.

Error in Get portal by slug: An error occurred while retrieving portal by slug: 404: Portal not found.

Error in Get portal by slug: An error occurred while retrieving portal by slug: 404: Portal not found.

Error in Get portal by slug: An error occurred while retrieving portal by slug: 404: Portal not found.

Error in Get portal by slug: An error occurred while retrieving portal by slug: 404: Portal not found.

Error in Get portal by slug: An error occurred while retrieving portal by slug: 404: Portal not found.

Error in Get portal by slug: An error occurred while retrieving portal by slug: 404: Portal not found.

Error in Get portal by slug: An error occurred while retrieving portal by slug: 404: Portal not found.

Error in Get portal by slug: An error occurred while retrieving portal by slug: 404: Portal not found.

Error in Get portal by slug: An error occurred while retrieving portal by slug: 404: Portal not found.

Error in Get portal by slug: An error occurred while retrieving portal by slug: 404: Portal not found.

Error in Get portal by slug: An error occurred while retrieving portal by slug: 404: Portal not found.

Error in Get portal by slug: An error occurred while retrieving portal by slug: 404: Portal not found.

Error in Store raw data from portals: An error occurred while storing data from all portals: An error occurred while running function from module: An error occurred while processing data: 'str' object has no attribute 'items'

Error in Get portal by slug: An error occurred while retrieving portal by slug: 404: Portal not found.

Error in Get portal by slug: An error occurred while retrieving portal by slug: 404: Portal not found.

Error in Get portal by slug: An error occurred while retrieving portal by slug: 404: Portal not found.

Error in Get portal by slug: An error occurred while retrieving portal by slug: 404: Portal not found.

Error in Get portal by slug: An error occurred while retrieving portal by slug: 404: Portal not found.

Error in Get portal by slug: An error occurred while retrieving portal by slug: 404: Portal not found.

Error in Get portal by slug: An error occurred while retrieving portal by slug: 404: Portal not found.

Error in Get portal by slug: An error occurred while retrieving portal by slug: 404: Portal not found.

Error in Get portal by slug: An error occurred while retrieving portal by slug: 404: Portal not found.

Error in Get portal by slug: An error occurred while retrieving portal by slug: 404: Portal not found.

Error in Get portal by slug: An error occurred while retrieving portal by slug: 404: Portal not found.

Error in Get portal by slug: An error occurred while retrieving portal by slug: 404: Portal not found.

Error in Get portal by slug: An error occurred while retrieving portal by slug: 404: Portal not found.

Error in Get portal by slug: An error occurred while retrieving portal by slug: 404: Portal not found.

Error in Get portal by slug: An error occurred while retrieving portal by slug: 404: Portal not found.

Error in Get portal detail: An error occurred while retrieving portal detail: cannot encode object: PortalRetrieveDataModel(taxon_id='1389922', web='wikidata'), of type: <class 'models.portal_model.PortalRetrieveDataModel'>

Error in Get portal detail: An error occurred while retrieving portal detail: cannot encode object: PortalDetailModel(taxon_id='1389922', web='wikidata'), of type: <class 'models.portal_model.PortalDetailModel'>

Error in Create portal: An error occurred while creating portal: 'list' object has no attribute '__dict__'

Error in Update portal: update_portal() missing 1 required positional argument: 'params'

Error in Delete portal: An error occurred while deleting portal: 404: Portals not found.

Error in Delete portal: An error occurred while deleting portal: 'PortalDeleteModel' object has no attribute 'taxon_id'

Error in Delete portal: An error occurred while deleting portal: 404: Portals not found.

Error in Delete portal: An error occurred while deleting portal: 404: Portals not found.

Error in Delete portal: An error occurred while deleting portal: 'list' object has no attribute 'species'

Error in Delete portal: An error occurred while deleting portal: 404: Portals not found.

Error in Delete portal: An error occurred while deleting portal: 404: Portals not found.

Error in Store raw data from portals: An error occurred while storing data from all portals: 'slug'

Error in Retrieve data: 404: Portal not found.

Error in Store raw data from portals: An error occurred while storing data from all portals: 404: Portal not found.

Error in Retrieve data: 404: Portal not found.

Error in Store raw data from portals: An error occurred while storing data from all portals: 404: Portal not found.

Error in Retrieve data: 404: Portal not found.

Error in Store raw data from portals: An error occurred while storing data from all portals: 404: Portal not found.

Error in Retrieve data: 404: Portal not found.

Error in Store raw data from portals: An error occurred while storing data from all portals: 404: Portal not found.

Error in Retrieve data: 404: Portal not found.

Error in Store raw data from portals: An error occurred while storing data from all portals: 404: Portal not found.

Error in Retrieve data: 404: Portal not found.

Error in Store raw data from portals: An error occurred while storing data from all portals: 404: Portal not found.

Error in Retrieve data: 404: Portal not found.

Error in Store raw data from portals: An error occurred while storing data from all portals: 404: Portal not found.

Error in Store raw data from portals: An error occurred while storing data from all portals: tuple indices must be integers or slices, not str

Error in Store raw data from portals: An error occurred while storing data from all portals: tuple indices must be integers or slices, not str

Error in Retrieve data: 404: Portal not found.

Error in Store raw data from portals: An error occurred while storing data from all portals: 404: Portal not found.

Error in Retrieve data: 404: Portal not found.

Error in Store raw data from portals: An error occurred while storing data from all portals: 404: Portal not found.

Error in Retrieve data: 404: Portal not found.

Error in Store raw data from portals: An error occurred while storing data from all portals: 404: Portal not found.

Error in Retrieve data: 404: Portal not found.

Error in Store raw data from portals: An error occurred while storing data from all portals: 404: Portal not found.

Error in Retrieve data: 404: Portal not found.

Error in Store raw data from portals: An error occurred while storing data from all portals: 404: Portal not found.

Error in Retrieve data: 'dict' object has no attribute 'taxon_id'

Error in Store raw data from portals: An error occurred while storing data from all portals: 'dict' object has no attribute 'taxon_id'

Error in Retrieve data: 'dict' object has no attribute 'taxon_id'

Error in Store raw data from portals: An error occurred while storing data from all portals: 'dict' object has no attribute 'taxon_id'

Error in Store raw data from portals: An error occurred while storing data from all portals: 'dict' object has no attribute 'species'

Error in Store raw data from portals: An error occurred while storing data from all portals: 'dict' object has no attribute 'species'

Error in Store raw data from portals: An error occurred while storing data from all portals: 'dict' object has no attribute 'species'

Error in Store raw data from portals: An error occurred while storing data from all portals: 'dict' object has no attribute 'species'

Error in Store raw data from portals: An error occurred while storing data from all portals: 'dict' object has no attribute 'species'

Error in Store raw data from portals: An error occurred while storing data from all portals: 'dict' object has no attribute 'species'

Error in Store raw data from portals: An error occurred while storing data from all portals: 'dict' object has no attribute 'species'

Error in Store raw data to db with transaction: An error occurred while storing raw data: 'slug'

Error in Store raw data from portals: An error occurred while storing data from all portals: An error occurred while storing raw data: 'slug'

Error in Store raw data to db with transaction: An error occurred while storing raw data: 'taxon_id'

Error in Store raw data from portals: An error occurred while storing data from all portals: An error occurred while storing raw data: 'taxon_id'

Error in Store raw data to db with transaction: An error occurred while storing raw data: 'taxon_id'

Error in Store raw data from portals: An error occurred while storing data from all portals: An error occurred while storing raw data: 'taxon_id'

Error in Store raw data to db with transaction: An error occurred while storing raw data: 'taxon_id'

Error in Store raw data from portals: An error occurred while storing data from all portals: An error occurred while storing raw data: 'taxon_id'

Error in Store raw data to db with transaction: An error occurred while storing raw data: 'taxon_id'

Error in Store raw data from portals: An error occurred while storing data from all portals: An error occurred while storing raw data: 'taxon_id'

Error in Delete raw data from raw collection: An error occurred while deleting raw data: 404: Raw data not found. Please re-check the species and web.

Error in Delete raw data from raw collection: An error occurred while deleting raw data: 404: Raw data not found. Please re-check the species and web.

Error in Retrieve data: 404: Portal not found.

Error in Delete portal: An error occurred while deleting portal: 404: Portals not found.

Error in Delete portal: An error occurred while deleting portal: 404: Portals not found.

Error in Delete raw from raw collection: An error occurred while deleting raw: object AsyncIOMotorCursor can't be used in 'await' expression

Error in Delete raw from raw collection: An error occurred while deleting raw: 404: Raw not found. Please re-check the taxon_id and web.

Error in Delete raw from raw collection: An error occurred while deleting raw: 404: Raw not found. Please re-check the taxon_id and web.

Error in Delete raw from raw collection: An error occurred while deleting raw: 404: Raw not found. Please re-check the taxon_id and web.

Error in Retrieve data: 404: Portal not found.

Error in Delete raw from raw collection: An error occurred while deleting raw: 404: Raw not found. Please re-check the taxon_id and web.

Error in Store raw from portals: An error occurred while storing data from all portals: 404: Portal not found. Please re-check the taxon_id and web.

Error in Store raw from portals: An error occurred while storing data from all portals: 404: Portal not found. Please re-check the taxon_id and web.

Error in Get portal detail: An error occurred while retrieving portal detail: 404: Portal not found.

Error in Get portal detail: An error occurred while retrieving portal detail: 404: Portal not found.

Error in Get raw from raw collection based on only species with transaction: An error occurred while retrieving raw: 'list' object has no attribute 'taxon_id'

Error in Store raw to terms documents: An error occurred while storing raw to terms documents: An error occurred while retrieving raw: 'list' object has no attribute 'taxon_id'

Error in Get portals: An error occurred while retrieving portals: local variable 'get_portals_webs' referenced before assignment

Error in Get portals: An error occurred while retrieving portals: local variable 'get_portals_webs' referenced before assignment

Error in Get portals: An error occurred while retrieving portals: 'list' object has no attribute 'split'

Error in Get portals: An error occurred while retrieving portals: 'list' object has no attribute 'split'

Error in Get portals: An error occurred while retrieving portals: 'list' object has no attribute 'split'

Error in Store raw from portals: An error occurred while storing data from all portals: string indices must be integers

Error in Store raw from portals: An error occurred while storing data from all portals: string indices must be integers

Error in Store raw from portals: An error occurred while storing data from all portals: string indices must be integers

Error in Store raw from portals: An error occurred while storing data from all portals: string indices must be integers

Error in Store raw from portals: An error occurred while storing data from all portals: string indices must be integers

Error in Store raw from portals: An error occurred while storing data from all portals: string indices must be integers

Error in Store raw from portals: An error occurred while storing data from all portals: string indices must be integers

Error in Store raw from portals: An error occurred while storing data from all portals: string indices must be integers

Error in Store raw from portals: An error occurred while storing data from all portals: string indices must be integers

Error in Store raw from portals: An error occurred while storing data from all portals: string indices must be integers

Error in Store raw from portals: An error occurred while storing data from all portals: string indices must be integers

Error in Store raw from portals: An error occurred while storing data from all portals: string indices must be integers

Error in Store raw from portals: An error occurred while storing data from all portals: string indices must be integers

Error in Store raw from portals: An error occurred while storing data from all portals: string indices must be integers

Error in Store raw from portals: An error occurred while storing data from all portals: string indices must be integers

Error in Store raw from portals: An error occurred while storing data from all portals: string indices must be integers

Error in Store raw from portals: An error occurred while storing data from all portals: string indices must be integers

Error in Store raw from portals: An error occurred while storing data from all portals: string indices must be integers

Error in Store raw from portals: An error occurred while storing data from all portals: string indices must be integers

Error in Store raw from portals: An error occurred while storing data from all portals: string indices must be integers

Error in Store raw from portals: An error occurred while storing data from all portals: string indices must be integers

Error in Store raw from portals: An error occurred while storing data from all portals: string indices must be integers

Error in Store raw from portals: An error occurred while storing data from all portals: string indices must be integers

Error in Store raw from portals: An error occurred while storing data from all portals: string indices must be integers

Error in Store raw from portals: An error occurred while storing data from all portals: string indices must be integers

Error in Delete portal: An error occurred while deleting portal: 404: Portals not found.

Error in Delete portal: An error occurred while deleting portal: 404: Portals not found.

Error in Delete portal: An error occurred while deleting portal: BSON field 'collation._id' is an unknown field., full error: {'index': 0, 'code': 40415, 'errmsg': "BSON field 'collation._id' is an unknown field."}

Error in Delete portal: An error occurred while deleting portal: BSON field 'collation._id' is an unknown field., full error: {'index': 0, 'code': 40415, 'errmsg': "BSON field 'collation._id' is an unknown field."}

Error in Delete portal: An error occurred while deleting portal: 404: Portals not found.

Error in Delete portal: An error occurred while deleting portal: 404: Portals not found.

Error in Delete portal: An error occurred while deleting portal: 404: Portals not found.

Error in Delete portal: An error occurred while deleting portal: 404: Portals not found.

Error in Get portals: An error occurred while retrieving portals: operation cancelled

Error in Retrieve data: 404: Portal not found.

Error in Store raw from portals: An error occurred while storing data from all portals: 404: Portal not found. Please re-check the taxon_id and web.

Error in Store raw from portals: An error occurred while storing data from all portals: 404: Portal not found. Please re-check the taxon_id and web.

Error in Store raw from portals: An error occurred while storing data from all portals: 404: Portal not found. Please re-check the taxon_id and web.

Error in Store raw from portals: An error occurred while storing data from all portals: 404: Portal not found. Please re-check the taxon_id and web.

Error in Retrieve data: 404: Portal not found.

Error in Store raw from portals: An error occurred while storing data from all portals: 404: Portal not found. Please re-check the taxon_id and web.

